<?xml version="1.0" encoding="UTF-8" ?>
<testsuite errors="0" failures="1" hostname="DESKTOP-6G8E09R" name="MyTests" skipped="0" tests="2" time="0.076" timestamp="2019-07-16T12:17:55">
  <properties>
    <property name="ant.project.invoked-targets" value="test" />
    <property name="java.runtime.name" value="Java(TM) SE Runtime Environment" />
    <property name="sun.boot.library.path" value="C:\Program Files\Java\jdk1.8.0_201\jre\bin" />
    <property name="java.vm.version" value="25.201-b09" />
    <property name="ant.library.dir" value="C:\Users\Flo\Code\apache-ant-1.10.5\lib" />
    <property name="ant.version" value="Apache Ant(TM) version 1.10.5 compiled on July 10 2018" />
    <property name="ant.java.version" value="1.8" />
    <property name="ant.file.type.AntTester" value="file" />
    <property name="java.vm.vendor" value="Oracle Corporation" />
    <property name="java.vendor.url" value="http://java.oracle.com/" />
    <property name="path.separator" value=";" />
    <property name="java.vm.name" value="Java HotSpot(TM) 64-Bit Server VM" />
    <property name="file.encoding.pkg" value="sun.io" />
    <property name="user.script" value="" />
    <property name="user.country" value="DE" />
    <property name="sun.java.launcher" value="SUN_STANDARD" />
    <property name="sun.os.patch.level" value="" />
    <property name="java.vm.specification.name" value="Java Virtual Machine Specification" />
    <property name="user.dir" value="C:\Users\Flo\Code\AntTester" />
    <property name="java.runtime.version" value="1.8.0_201-b09" />
    <property name="java.awt.graphicsenv" value="sun.awt.Win32GraphicsEnvironment" />
    <property name="basedir" value="C:\Users\Flo\Code\AntTester" />
    <property name="java.endorsed.dirs" value="C:\Program Files\Java\jdk1.8.0_201\jre\lib\endorsed" />
    <property name="os.arch" value="amd64" />
    <property name="ant.project.default-target" value="info" />
    <property name="java.io.tmpdir" value="C:\Users\Flo\AppData\Local\Temp\" />
    <property name="ant.core.lib" value="C:\Users\Flo\Code\apache-ant-1.10.5\lib\ant.jar" />
    <property name="line.separator" value="&#xd;&#xa;" />
    <property name="java.vm.specification.vendor" value="Oracle Corporation" />
    <property name="user.variant" value="" />
    <property name="os.name" value="Windows 10" />
    <property name="ant.home" value="C:\Users\Flo\Code\apache-ant-1.10.5" />
    <property name="ant.project.name" value="AntTester" />
    <property name="sun.jnu.encoding" value="Cp1252" />
    <property name="java.library.path" value="C:\Program Files\Java\jdk1.8.0_201\jre\bin;C:\WINDOWS\Sun\Java\bin;C:\WINDOWS\system32;C:\WINDOWS;C:\Program Files (x86)\Common Files\Oracle\Java\javapath;C:\Program Files\Haskell\bin;C:\Program Files\Haskell Platform 8.0.2\lib\extralibs\bin;C:\Program Files\Haskell Platform 8.0.2\bin;C:\ProgramData\Oracle\Java\javapath;C:\Program Files (x86)\Intel\iCLS Client\;C:\Program Files\Intel\iCLS Client\;C:\Windows\system32;C:\Windows;C:\Windows\System32\Wbem;C:\Windows\System32\WindowsPowerShell\v1.0\;C:\Program Files (x86)\Intel\Intel(R) Management Engine Components\DAL;C:\Program Files\Intel\Intel(R) Management Engine Components\DAL;C:\Program Files (x86)\Intel\Intel(R) Management Engine Components\IPT;C:\Program Files\Intel\Intel(R) Management Engine Components\IPT;C:\Program Files (x86)\NVIDIA Corporation\PhysX\Common;C:\WINDOWS\system32;C:\WINDOWS;C:\WINDOWS\System32\Wbem;C:\WINDOWS\System32\WindowsPowerShell\v1.0\;C:\Program Files (x86)\IsoBuster;C:\Program Files (x86)\OpenVPN\bin;C:\Program Files (x86)\GNU\GnuPG\pub;C:\Graphviz64\bin;C:\Program Files\Haskell Platform 8.0.2\mingw\bin;C:\ProgramData\Anaconda3;C:\ProgramData\Anaconda3\Scripts;C:\ProgramData\Anaconda3\Library\bin;C:\Program Files\OpenVPN\bin;C:\WINDOWS\System32\OpenSSH\;C:\Program Files\Git\cmd;%JAVA_PATH%;C:\Program Files (x86)\Paragon Software\LinuxFS for Windows\;C:\Users\Flo\Code\apache-ant-1.10.5\bin;C:\Users\Flo\AppData\Roaming\cabal\bin;C:\Users\Flo\AppData\Roaming\local\bin;C:\Users\Flo\AppData\Local\Microsoft\WindowsApps;;." />
    <property name="java.class.version" value="52.0" />
    <property name="java.specification.name" value="Java Platform API Specification" />
    <property name="sun.management.compiler" value="HotSpot 64-Bit Tiered Compilers" />
    <property name="os.version" value="10.0" />
    <property name="ant.file" value="C:\Users\Flo\Code\AntTester\build.xml" />
    <property name="user.home" value="C:\Users\Flo" />
    <property name="ant.file.AntTester" value="C:\Users\Flo\Code\AntTester\build.xml" />
    <property name="user.timezone" value="" />
    <property name="java.awt.printerjob" value="sun.awt.windows.WPrinterJob" />
    <property name="java.specification.version" value="1.8" />
    <property name="file.encoding" value="Cp1252" />
    <property name="java.class.path" value="C:\Users\Flo\Code\AntTester\lib\junit-4.12.jar;C:\Users\Flo\Code\AntTester\build\classes;C:\Users\Flo\Code\AntTester\lib\hamcrest-all-1.3.jar;C:\Users\Flo\Code\apache-ant-1.10.5\lib\ant-launcher.jar;C:\Users\Flo\Code\apache-ant-1.10.5\lib\ant.jar;C:\Users\Flo\Code\apache-ant-1.10.5\lib\ant-junit.jar;C:\Users\Flo\Code\apache-ant-1.10.5\lib\ant-junit4.jar" />
    <property name="user.name" value="Flo" />
    <property name="java.vm.specification.version" value="1.8" />
    <property name="java.home" value="C:\Program Files\Java\jdk1.8.0_201\jre" />
    <property name="sun.java.command" value="org.apache.tools.ant.taskdefs.optional.junit.JUnitTestRunner MyTests skipNonTests=false filtertrace=true haltOnError=false haltOnFailure=false formatter=org.apache.tools.ant.taskdefs.optional.junit.SummaryJUnitResultFormatter showoutput=false outputtoformatters=true logfailedtests=true threadid=0 logtestlistenerevents=false formatter=org.apache.tools.ant.taskdefs.optional.junit.XMLJUnitResultFormatter,C:\Users\Flo\Code\AntTester\${reports}\TEST-MyTests.xml crashfile=C:\Users\Flo\Code\AntTester\junitvmwatcher3744165136337074555.properties propsfile=C:\Users\Flo\Code\AntTester\junit6423116688305551652.properties" />
    <property name="sun.arch.data.model" value="64" />
    <property name="java.specification.vendor" value="Oracle Corporation" />
    <property name="user.language" value="de" />
    <property name="awt.toolkit" value="sun.awt.windows.WToolkit" />
    <property name="java.vm.info" value="mixed mode" />
    <property name="java.version" value="1.8.0_201" />
    <property name="java.ext.dirs" value="C:\Program Files\Java\jdk1.8.0_201\jre\lib\ext;C:\WINDOWS\Sun\Java\lib\ext" />
    <property name="sun.boot.class.path" value="C:\Program Files\Java\jdk1.8.0_201\jre\lib\resources.jar;C:\Program Files\Java\jdk1.8.0_201\jre\lib\rt.jar;C:\Program Files\Java\jdk1.8.0_201\jre\lib\sunrsasign.jar;C:\Program Files\Java\jdk1.8.0_201\jre\lib\jsse.jar;C:\Program Files\Java\jdk1.8.0_201\jre\lib\jce.jar;C:\Program Files\Java\jdk1.8.0_201\jre\lib\charsets.jar;C:\Program Files\Java\jdk1.8.0_201\jre\lib\jfr.jar;C:\Program Files\Java\jdk1.8.0_201\jre\classes" />
    <property name="sun.stderr.encoding" value="cp850" />
    <property name="java.vendor" value="Oracle Corporation" />
    <property name="file.separator" value="\" />
    <property name="java.vendor.url.bug" value="http://bugreport.sun.com/bugreport/" />
    <property name="sun.cpu.endian" value="little" />
    <property name="sun.io.unicode.encoding" value="UnicodeLittle" />
    <property name="ant.file.type" value="file" />
    <property name="sun.stdout.encoding" value="cp850" />
    <property name="sun.desktop" value="windows" />
    <property name="sun.cpu.isalist" value="amd64" />
  </properties>
  <testcase classname="MyTests" name="testProductWithZero" time="0.004" />
  <testcase classname="MyTests" name="testString" time="0.008">
    <failure message="expected:&lt;[]&gt; but was:&lt;[0]&gt;" type="junit.framework.AssertionFailedError">junit.framework.AssertionFailedError: expected:&lt;[]&gt; but was:&lt;[0]&gt;
	at MyTests.testString(Unknown Source)
</failure>
  </testcase>
  <system-out><![CDATA[]]></system-out>
  <system-err><![CDATA[]]></system-err>
</testsuite>
